<?xml version="1.0" encoding="UTF-8"?>
<!-- Generated by org.testng.reporters.JUnitReportReporter -->
<testsuite skipped="0" hostname="AkshayPatole" name="com.crm.qa.testcases.LoginPageTest" tests="3" failures="0" timestamp="14 Sep 2018 02:32:50 GMT" time="42.017" errors="0">
  <testcase name="loginPageTitleTest" time="13.148" classname="com.crm.qa.testcases.LoginPageTest"/>
  <testcase name="crmLogoTest" time="10.568" classname="com.crm.qa.testcases.LoginPageTest"/>
  <testcase name="loginTest" time="18.301" classname="com.crm.qa.testcases.LoginPageTest"/>
</testsuite> <!-- com.crm.qa.testcases.LoginPageTest -->
