<?xml version="1.0" encoding="UTF-8"?>
<!-- Generated by org.testng.reporters.JUnitReportReporter -->
<testsuite skipped="0" hostname="AkshayPatole" name="com.crm.qa.testcases.HomePageTest" tests="3" failures="0" timestamp="15 Sep 2018 11:05:17 GMT" time="60.061" errors="0">
  <testcase name="verifyHomePageTitleTest" time="23.727" classname="com.crm.qa.testcases.HomePageTest"/>
  <testcase name="verifyUsernameTest" time="17.348" classname="com.crm.qa.testcases.HomePageTest"/>
  <testcase name="verifyContactsLLinkTest" time="18.986" classname="com.crm.qa.testcases.HomePageTest"/>
</testsuite> <!-- com.crm.qa.testcases.HomePageTest -->
