<?xml version="1.0" encoding="UTF-8"?>
<!-- Generated by org.testng.reporters.JUnitReportReporter -->
<testsuite skipped="0" hostname="AkshayPatole" name="com.crm.qa.testcases.LoginPageTest" tests="3" failures="0" timestamp="15 Sep 2018 03:24:47 GMT" time="44.980" errors="0">
  <testcase name="loginPageTitleTest" time="13.387" classname="com.crm.qa.testcases.LoginPageTest"/>
  <testcase name="crmLogoTest" time="9.520" classname="com.crm.qa.testcases.LoginPageTest"/>
  <testcase name="loginTest" time="22.073" classname="com.crm.qa.testcases.LoginPageTest"/>
</testsuite> <!-- com.crm.qa.testcases.LoginPageTest -->
