<?xml version="1.0" encoding="UTF-8"?>
<!-- Generated by org.testng.reporters.JUnitReportReporter -->
<testsuite skipped="0" hostname="AkshayPatole" name="com.crm.qa.testcases.HomePageTest" tests="3" failures="0" timestamp="11 Sep 2018 11:43:26 GMT" time="64.166" errors="0">
  <testcase name="verifyHomePageTitleTest" time="24.829" classname="com.crm.qa.testcases.HomePageTest"/>
  <testcase name="verifyUsernameTest" time="19.828" classname="com.crm.qa.testcases.HomePageTest"/>
  <testcase name="verifyContactsLLinkTest" time="19.509" classname="com.crm.qa.testcases.HomePageTest"/>
</testsuite> <!-- com.crm.qa.testcases.HomePageTest -->
