<?xml version="1.0" encoding="UTF-8"?>
<!-- Generated by org.testng.reporters.JUnitReportReporter -->
<testsuite skipped="0" hostname="AkshayPatole" name="com.crm.qa.testcases.HomePageTest" tests="3" failures="0" timestamp="14 Sep 2018 02:32:50 GMT" time="60.348" errors="0">
  <testcase name="verifyHomePageTitleTest" time="21.689" classname="com.crm.qa.testcases.HomePageTest"/>
  <testcase name="verifyUsernameTest" time="20.207" classname="com.crm.qa.testcases.HomePageTest"/>
  <testcase name="verifyContactsLLinkTest" time="18.452" classname="com.crm.qa.testcases.HomePageTest"/>
</testsuite> <!-- com.crm.qa.testcases.HomePageTest -->
